<?xml version="1.0" encoding="UTF-8"?>
<!-- Generated by org.testng.reporters.JUnitReportReporter -->
<testsuite hostname="DESKTOP-OLTN3QH" failures="0" tests="2" name="UITest.seleniumProj.NewTest" time="0.022" errors="0" timestamp="2024-04-28T08:02:33 IST" skipped="0">
  <testcase classname="UITest.seleniumProj.NewTest" name="dmount" time="0.006"/>
  <testcase classname="UITest.seleniumProj.NewTest" name="aata" time="0.016"/>
</testsuite> <!-- UITest.seleniumProj.NewTest -->
